# JRE version: Java(TM) SE Runtime Environment (8.0_181-b13) (build 1.8.0_181-b13)
# Java VM: Java HotSpot(TM) 64-Bit Server VM (25.181-b13 mixed mode linux-amd64 compressed oops)
Heap:
 PSYoungGen      total 671744K, used 8292K [0x000000076d000000, 0x0000000796c80000, 0x00000007c0000000)
  eden space 658944K, 0% used [0x000000076d000000,0x000000076d000000,0x0000000795380000)
  from space 12800K, 64% used [0x0000000795380000,0x0000000795b99110,0x0000000796000000)
  to   space 12288K, 0% used [0x0000000796080000,0x0000000796080000,0x0000000796c80000)
 ParOldGen       total 171008K, used 13046K [0x00000006c7000000, 0x00000006d1700000, 0x000000076d000000)
  object space 171008K, 7% used [0x00000006c7000000,0x00000006c7cbdbd8,0x00000006d1700000)
 Metaspace       used 12702K, capacity 12918K, committed 13184K, reserved 1060864K
  class space    used 1232K, capacity 1301K, committed 1408K, reserved 1048576K
GC Heap History (10 events):
Event: 80,493 GC heap after
Heap after GC invocations=8 (full 0):
 PSYoungGen      total 269824K, used 3835K [0x000000076d000000, 0x000000077e700000, 0x00000007c0000000)
  eden space 257024K, 0% used [0x000000076d000000,0x000000076d000000,0x000000077cb00000)
  from space 12800K, 29% used [0x000000077d880000,0x000000077dc3ee50,0x000000077e500000)
  to   space 13824K, 0% used [0x000000077cb00000,0x000000077cb00000,0x000000077d880000)
 ParOldGen       total 171008K, used 11349K [0x00000006c7000000, 0x00000006d1700000, 0x000000076d000000)
  object space 171008K, 6% used [0x00000006c7000000,0x00000006c7b15608,0x00000006d1700000)
 Metaspace       used 12164K, capacity 12370K, committed 12672K, reserved 1060864K
  class space    used 1229K, capacity 1295K, committed 1408K, reserved 1048576K
}
Event: 103,477 GC heap before
{Heap before GC invocations=9 (full 0):
 PSYoungGen      total 269824K, used 260859K [0x000000076d000000, 0x000000077e700000, 0x00000007c0000000)
  eden space 257024K, 100% used [0x000000076d000000,0x000000077cb00000,0x000000077cb00000)
  from space 12800K, 29% used [0x000000077d880000,0x000000077dc3ee50,0x000000077e500000)
  to   space 13824K, 0% used [0x000000077cb00000,0x000000077cb00000,0x000000077d880000)
 ParOldGen       total 171008K, used 11349K [0x00000006c7000000, 0x00000006d1700000, 0x000000076d000000)
  object space 171008K, 6% used [0x00000006c7000000,0x00000006c7b15608,0x00000006d1700000)
 Metaspace       used 12346K, capacity 12562K, committed 12928K, reserved 1060864K
  class space    used 1229K, capacity 1295K, committed 1408K, reserved 1048576K
Event: 103,483 GC heap after
Heap after GC invocations=9 (full 0):
 PSYoungGen      total 270848K, used 5511K [0x000000076d000000, 0x0000000787d00000, 0x00000007c0000000)
  eden space 257024K, 0% used [0x000000076d000000,0x000000076d000000,0x000000077cb00000)
  from space 13824K, 39% used [0x000000077cb00000,0x000000077d061d00,0x000000077d880000)
  to   space 13824K, 0% used [0x0000000786f80000,0x0000000786f80000,0x0000000787d00000)
 ParOldGen       total 171008K, used 11357K [0x00000006c7000000, 0x00000006d1700000, 0x000000076d000000)
  object space 171008K, 6% used [0x00000006c7000000,0x00000006c7b17608,0x00000006d1700000)
 Metaspace       used 12346K, capacity 12562K, committed 12928K, reserved 1060864K
  class space    used 1229K, capacity 1295K, committed 1408K, reserved 1048576K
}
Event: 130,196 GC heap before
{Heap before GC invocations=10 (full 0):
 PSYoungGen      total 270848K, used 262535K [0x000000076d000000, 0x0000000787d00000, 0x00000007c0000000)
  eden space 257024K, 100% used [0x000000076d000000,0x000000077cb00000,0x000000077cb00000)
  from space 13824K, 39% used [0x000000077cb00000,0x000000077d061d00,0x000000077d880000)
  to   space 13824K, 0% used [0x0000000786f80000,0x0000000786f80000,0x0000000787d00000)
 ParOldGen       total 171008K, used 11357K [0x00000006c7000000, 0x00000006d1700000, 0x000000076d000000)
  object space 171008K, 6% used [0x00000006c7000000,0x00000006c7b17608,0x00000006d1700000)
 Metaspace       used 12485K, capacity 12690K, committed 12928K, reserved 1060864K
  class space    used 1229K, capacity 1295K, committed 1408K, reserved 1048576K
Event: 130,205 GC heap after
Heap after GC invocations=10 (full 0):
 PSYoungGen      total 425472K, used 5768K [0x000000076d000000, 0x0000000787d00000, 0x00000007c0000000)
  eden space 411648K, 0% used [0x000000076d000000,0x000000076d000000,0x0000000786200000)
  from space 13824K, 41% used [0x0000000786f80000,0x0000000787522230,0x0000000787d00000)
  to   space 13824K, 0% used [0x0000000786200000,0x0000000786200000,0x0000000786f80000)
 ParOldGen       total 171008K, used 12055K [0x00000006c7000000, 0x00000006d1700000, 0x000000076d000000)
  object space 171008K, 7% used [0x00000006c7000000,0x00000006c7bc5fc8,0x00000006d1700000)
 Metaspace       used 12485K, capacity 12690K, committed 12928K, reserved 1060864K
  class space    used 1229K, capacity 1295K, committed 1408K, reserved 1048576K
}
Event: 164,385 GC heap before
{Heap before GC invocations=11 (full 0):
 PSYoungGen      total 425472K, used 417416K [0x000000076d000000, 0x0000000787d00000, 0x00000007c0000000)
  eden space 411648K, 100% used [0x000000076d000000,0x0000000786200000,0x0000000786200000)
  from space 13824K, 41% used [0x0000000786f80000,0x0000000787522230,0x0000000787d00000)
  to   space 13824K, 0% used [0x0000000786200000,0x0000000786200000,0x0000000786f80000)
 ParOldGen       total 171008K, used 12055K [0x00000006c7000000, 0x00000006d1700000, 0x000000076d000000)
  object space 171008K, 7% used [0x00000006c7000000,0x00000006c7bc5fc8,0x00000006d1700000)
 Metaspace       used 12582K, capacity 12754K, committed 12928K, reserved 1060864K
  class space    used 1229K, capacity 1295K, committed 1408K, reserved 1048576K
Event: 164,397 GC heap after
Heap after GC invocations=11 (full 0):
 PSYoungGen      total 425472K, used 7041K [0x000000076d000000, 0x0000000796d80000, 0x00000007c0000000)
  eden space 411648K, 0% used [0x000000076d000000,0x000000076d000000,0x0000000786200000)
  from space 13824K, 50% used [0x0000000786200000,0x00000007868e0580,0x0000000786f80000)
  to   space 13312K, 0% used [0x0000000796080000,0x0000000796080000,0x0000000796d80000)
 ParOldGen       total 171008K, used 12492K [0x00000006c7000000, 0x00000006d1700000, 0x000000076d000000)
  object space 171008K, 7% used [0x00000006c7000000,0x00000006c7c33278,0x00000006d1700000)
 Metaspace       used 12582K, capacity 12754K, committed 12928K, reserved 1060864K
  class space    used 1229K, capacity 1295K, committed 1408K, reserved 1048576K
}
Event: 199,905 GC heap before
{Heap before GC invocations=12 (full 0):
 PSYoungGen      total 425472K, used 418689K [0x000000076d000000, 0x0000000796d80000, 0x00000007c0000000)
  eden space 411648K, 100% used [0x000000076d000000,0x0000000786200000,0x0000000786200000)
  from space 13824K, 50% used [0x0000000786200000,0x00000007868e0580,0x0000000786f80000)
  to   space 13312K, 0% used [0x0000000796080000,0x0000000796080000,0x0000000796d80000)
 ParOldGen       total 171008K, used 12492K [0x00000006c7000000, 0x00000006d1700000, 0x000000076d000000)
  object space 171008K, 7% used [0x00000006c7000000,0x00000006c7c33278,0x00000006d1700000)
 Metaspace       used 12623K, capacity 12818K, committed 13184K, reserved 1060864K
  class space    used 1229K, capacity 1295K, committed 1408K, reserved 1048576K
Event: 199,911 GC heap after
Heap after GC invocations=12 (full 0):
 PSYoungGen      total 671232K, used 7253K [0x000000076d000000, 0x0000000796c80000, 0x00000007c0000000)
  eden space 658944K, 0% used [0x000000076d000000,0x000000076d000000,0x0000000795380000)
  from space 12288K, 59% used [0x0000000796080000,0x0000000796795790,0x0000000796c80000)
  to   space 12800K, 0% used [0x0000000795380000,0x0000000795380000,0x0000000796000000)
 ParOldGen       total 171008K, used 12741K [0x00000006c7000000, 0x00000006d1700000, 0x000000076d000000)
  object space 171008K, 7% used [0x00000006c7000000,0x00000006c7c71708,0x00000006d1700000)
 Metaspace       used 12623K, capacity 12818K, committed 13184K, reserved 1060864K
  class space    used 1229K, capacity 1295K, committed 1408K, reserved 1048576K
}
Event: 241,233 GC heap before
{Heap before GC invocations=13 (full 0):
 PSYoungGen      total 671232K, used 666197K [0x000000076d000000, 0x0000000796c80000, 0x00000007c0000000)
  eden space 658944K, 100% used [0x000000076d000000,0x0000000795380000,0x0000000795380000)
  from space 12288K, 59% used [0x0000000796080000,0x0000000796795790,0x0000000796c80000)
  to   space 12800K, 0% used [0x0000000795380000,0x0000000795380000,0x0000000796000000)
 ParOldGen       total 171008K, used 12741K [0x00000006c7000000, 0x00000006d1700000, 0x000000076d000000)
  object space 171008K, 7% used [0x00000006c7000000,0x00000006c7c71708,0x00000006d1700000)
 Metaspace       used 12702K, capacity 12918K, committed 13184K, reserved 1060864K
  class space    used 1232K, capacity 1301K, committed 1408K, reserved 1048576K

